<?xml version="1.0" encoding="UTF-8"?>
<testng-results skipped="0" failed="0" ignored="0" total="1" passed="1">
  <reporter-output>
  </reporter-output>
  <suite name="Default suite" duration-ms="180" started-at="2021-06-15T00:46:57 IST" finished-at="2021-06-15T00:46:57 IST">
    <groups>
    </groups>
    <test name="Default test" duration-ms="180" started-at="2021-06-15T00:46:57 IST" finished-at="2021-06-15T00:46:57 IST">
      <class name="TestNG1.NewTest">
        <test-method status="PASS" signature="f()[pri:0, instance:TestNG1.NewTest@7494e528]" name="f" duration-ms="30" started-at="2021-06-15T00:46:57 IST" finished-at="2021-06-15T00:46:57 IST">
          <reporter-output>
          </reporter-output>
        </test-method> <!-- f -->
      </class> <!-- TestNG1.NewTest -->
    </test> <!-- Default test -->
  </suite> <!-- Default suite -->
</testng-results>
